Flow report for viterbi_hamming
Fri Apr 06 10:05:35 2018
Quartus II 64-Bit Version 13.0.1 Build 232 06/12/2013 Service Pack 1 SJ Full Version


---------------------
; Table of Contents ;
---------------------
  1. Legal Notice
  2. Flow Summary
  3. Flow Settings
  4. Flow Non-Default Global Settings
  5. Flow Elapsed Time
  6. Flow OS Summary
  7. Flow Log
  8. Flow Messages
  9. Flow Suppressed Messages



----------------
; Legal Notice ;
----------------
Copyright (C) 1991-2013 Altera Corporation
Your use of Altera Corporation's design tools, logic functions 
and other software and tools, and its AMPP partner logic 
functions, and any output files from any of the foregoing 
(including device programming or simulation files), and any 
associated documentation or information are expressly subject 
to the terms and conditions of the Altera Program License 
Subscription Agreement, Altera MegaCore Function License 
Agreement, or other applicable license agreement, including, 
without limitation, that your use is for the sole purpose of 
programming logic devices manufactured by Altera and sold by 
Altera or its authorized distributors.  Please refer to the 
applicable agreement for further details.



+---------------------------------------------------------------------------------------+
; Flow Summary                                                                          ;
+------------------------------------+--------------------------------------------------+
; Flow Status                        ; Successful - Fri Apr 06 10:05:28 2018            ;
; Quartus II 64-Bit Version          ; 13.0.1 Build 232 06/12/2013 SP 1 SJ Full Version ;
; Revision Name                      ; viterbi_hamming                                  ;
; Top-level Entity Name              ; top_level                                        ;
; Family                             ; Cyclone II                                       ;
; Device                             ; EP2C35F672C6                                     ;
; Timing Models                      ; Final                                            ;
; Total logic elements               ; 3,483 / 33,216 ( 10 % )                          ;
;     Total combinational functions  ; 1,966 / 33,216 ( 6 % )                           ;
;     Dedicated logic registers      ; 2,328 / 33,216 ( 7 % )                           ;
; Total registers                    ; 2328                                             ;
; Total pins                         ; 138 / 475 ( 29 % )                               ;
; Total virtual pins                 ; 0                                                ;
; Total memory bits                  ; 17,536 / 483,840 ( 4 % )                         ;
; Embedded Multiplier 9-bit elements ; 0 / 70 ( 0 % )                                   ;
; Total PLLs                         ; 0 / 4 ( 0 % )                                    ;
+------------------------------------+--------------------------------------------------+


+-----------------------------------------+
; Flow Settings                           ;
+-------------------+---------------------+
; Option            ; Setting             ;
+-------------------+---------------------+
; Start date & time ; 04/06/2018 10:04:46 ;
; Main task         ; Compilation         ;
; Revision Name     ; viterbi_hamming     ;
+-------------------+---------------------+


+--------------------------------------------------------------------------------------------------------------------------------------------------------------------------------------------------------------------------------------------------------------------------------------------------------------------------------------------------------------------------------------------------------------------------------------------------------------------------------------------------------------------------------------------------------------+
; Flow Non-Default Global Settings                                                                                                                                                                                                                                                                                                                                                                                                                                                                                                                             ;
+-------------------------------------+---------------------------------------------------------------------------------------------------------------------------------------------------------------------------------------------------------------------------------------------------------------------------------------------------------------------------------------------------------------------------------------------------------------------------------------------------------------------+-----------------+-------------+------------------+
; Assignment Name                     ; Value                                                                                                                                                                                                                                                                                                                                                                                                                                                               ; Default Value   ; Entity Name ; Section Id       ;
+-------------------------------------+---------------------------------------------------------------------------------------------------------------------------------------------------------------------------------------------------------------------------------------------------------------------------------------------------------------------------------------------------------------------------------------------------------------------------------------------------------------------+-----------------+-------------+------------------+
; COMPILER_SIGNATURE_ID               ; 273440550264593.152302348509728                                                                                                                                                                                                                                                                                                                                                                                                                                     ; --              ; --          ; --               ;
; ENABLE_SIGNALTAP                    ; On                                                                                                                                                                                                                                                                                                                                                                                                                                                                  ; --              ; --          ; --               ;
; MAX_CORE_JUNCTION_TEMP              ; 85                                                                                                                                                                                                                                                                                                                                                                                                                                                                  ; --              ; --          ; --               ;
; MIN_CORE_JUNCTION_TEMP              ; 0                                                                                                                                                                                                                                                                                                                                                                                                                                                                   ; --              ; --          ; --               ;
; PARTITION_COLOR                     ; 16764057                                                                                                                                                                                                                                                                                                                                                                                                                                                            ; --              ; top_level   ; Top              ;
; PARTITION_FITTER_PRESERVATION_LEVEL ; PLACEMENT_AND_ROUTING                                                                                                                                                                                                                                                                                                                                                                                                                                               ; --              ; top_level   ; Top              ;
; PARTITION_NETLIST_TYPE              ; SOURCE                                                                                                                                                                                                                                                                                                                                                                                                                                                              ; --              ; top_level   ; Top              ;
; POWER_BOARD_THERMAL_MODEL           ; None (CONSERVATIVE)                                                                                                                                                                                                                                                                                                                                                                                                                                                 ; --              ; --          ; --               ;
; POWER_PRESET_COOLING_SOLUTION       ; 23 MM HEAT SINK WITH 200 LFPM AIRFLOW                                                                                                                                                                                                                                                                                                                                                                                                                               ; --              ; --          ; --               ;
; PROJECT_OUTPUT_DIRECTORY            ; output_files                                                                                                                                                                                                                                                                                                                                                                                                                                                        ; --              ; --          ; --               ;
; SLD_FILE                            ; P:/SPH/lab3/viterbi/output_files/stp1_auto_stripped.stp                                                                                                                                                                                                                                                                                                                                                                                                             ; --              ; --          ; --               ;
; SLD_NODE_CREATOR_ID                 ; 110                                                                                                                                                                                                                                                                                                                                                                                                                                                                 ; --              ; --          ; auto_signaltap_0 ;
; SLD_NODE_ENTITY_NAME                ; sld_signaltap                                                                                                                                                                                                                                                                                                                                                                                                                                                       ; --              ; --          ; auto_signaltap_0 ;
; SLD_NODE_PARAMETER_ASSIGNMENT       ; SLD_NODE_INFO=805334528                                                                                                                                                                                                                                                                                                                                                                                                                                             ; --              ; --          ; auto_signaltap_0 ;
; SLD_NODE_PARAMETER_ASSIGNMENT       ; SLD_POWER_UP_TRIGGER=0                                                                                                                                                                                                                                                                                                                                                                                                                                              ; --              ; --          ; auto_signaltap_0 ;
; SLD_NODE_PARAMETER_ASSIGNMENT       ; SLD_STORAGE_QUALIFIER_INVERSION_MASK_LENGTH=0                                                                                                                                                                                                                                                                                                                                                                                                                       ; --              ; --          ; auto_signaltap_0 ;
; SLD_NODE_PARAMETER_ASSIGNMENT       ; SLD_SEGMENT_SIZE=128                                                                                                                                                                                                                                                                                                                                                                                                                                                ; --              ; --          ; auto_signaltap_0 ;
; SLD_NODE_PARAMETER_ASSIGNMENT       ; SLD_ATTRIBUTE_MEM_MODE=OFF                                                                                                                                                                                                                                                                                                                                                                                                                                          ; --              ; --          ; auto_signaltap_0 ;
; SLD_NODE_PARAMETER_ASSIGNMENT       ; SLD_STATE_FLOW_USE_GENERATED=0                                                                                                                                                                                                                                                                                                                                                                                                                                      ; --              ; --          ; auto_signaltap_0 ;
; SLD_NODE_PARAMETER_ASSIGNMENT       ; SLD_STATE_BITS=11                                                                                                                                                                                                                                                                                                                                                                                                                                                   ; --              ; --          ; auto_signaltap_0 ;
; SLD_NODE_PARAMETER_ASSIGNMENT       ; SLD_BUFFER_FULL_STOP=1                                                                                                                                                                                                                                                                                                                                                                                                                                              ; --              ; --          ; auto_signaltap_0 ;
; SLD_NODE_PARAMETER_ASSIGNMENT       ; SLD_CURRENT_RESOURCE_WIDTH=1                                                                                                                                                                                                                                                                                                                                                                                                                                        ; --              ; --          ; auto_signaltap_0 ;
; SLD_NODE_PARAMETER_ASSIGNMENT       ; SLD_TRIGGER_LEVEL=1                                                                                                                                                                                                                                                                                                                                                                                                                                                 ; --              ; --          ; auto_signaltap_0 ;
; SLD_NODE_PARAMETER_ASSIGNMENT       ; SLD_SAMPLE_DEPTH=128                                                                                                                                                                                                                                                                                                                                                                                                                                                ; --              ; --          ; auto_signaltap_0 ;
; SLD_NODE_PARAMETER_ASSIGNMENT       ; SLD_TRIGGER_IN_ENABLED=0                                                                                                                                                                                                                                                                                                                                                                                                                                            ; --              ; --          ; auto_signaltap_0 ;
; SLD_NODE_PARAMETER_ASSIGNMENT       ; SLD_ADVANCED_TRIGGER_ENTITY=basic,1,                                                                                                                                                                                                                                                                                                                                                                                                                                ; --              ; --          ; auto_signaltap_0 ;
; SLD_NODE_PARAMETER_ASSIGNMENT       ; SLD_TRIGGER_LEVEL_PIPELINE=1                                                                                                                                                                                                                                                                                                                                                                                                                                        ; --              ; --          ; auto_signaltap_0 ;
; SLD_NODE_PARAMETER_ASSIGNMENT       ; SLD_ENABLE_ADVANCED_TRIGGER=0                                                                                                                                                                                                                                                                                                                                                                                                                                       ; --              ; --          ; auto_signaltap_0 ;
; SLD_NODE_PARAMETER_ASSIGNMENT       ; SLD_DATA_BITS=137                                                                                                                                                                                                                                                                                                                                                                                                                                                   ; --              ; --          ; auto_signaltap_0 ;
; SLD_NODE_PARAMETER_ASSIGNMENT       ; SLD_TRIGGER_BITS=137                                                                                                                                                                                                                                                                                                                                                                                                                                                ; --              ; --          ; auto_signaltap_0 ;
; SLD_NODE_PARAMETER_ASSIGNMENT       ; SLD_INVERSION_MASK=000000000000000000000000000000000000000000000000000000000000000000000000000000000000000000000000000000000000000000000000000000000000000000000000000000000000000000000000000000000000000000000000000000000000000000000000000000000000000000000000000000000000000000000000000000000000000000000000000000000000000000000000000000000000000000000000000000000000000000000000000000000000000000000000000000000000000000000000000000000000000000000000 ; --              ; --          ; auto_signaltap_0 ;
; SLD_NODE_PARAMETER_ASSIGNMENT       ; SLD_INVERSION_MASK_LENGTH=432                                                                                                                                                                                                                                                                                                                                                                                                                                       ; --              ; --          ; auto_signaltap_0 ;
; SLD_NODE_PARAMETER_ASSIGNMENT       ; SLD_NODE_CRC_LOWORD=15474                                                                                                                                                                                                                                                                                                                                                                                                                                           ; --              ; --          ; auto_signaltap_0 ;
; SLD_NODE_PARAMETER_ASSIGNMENT       ; SLD_NODE_CRC_HIWORD=35586                                                                                                                                                                                                                                                                                                                                                                                                                                           ; --              ; --          ; auto_signaltap_0 ;
; TOP_LEVEL_ENTITY                    ; top_level                                                                                                                                                                                                                                                                                                                                                                                                                                                           ; viterbi_hamming ; --          ; --               ;
; USE_SIGNALTAP_FILE                  ; output_files/stp1.stp                                                                                                                                                                                                                                                                                                                                                                                                                                               ; --              ; --          ; --               ;
+-------------------------------------+---------------------------------------------------------------------------------------------------------------------------------------------------------------------------------------------------------------------------------------------------------------------------------------------------------------------------------------------------------------------------------------------------------------------------------------------------------------------+-----------------+-------------+------------------+


+-------------------------------------------------------------------------------------------------------------------------------+
; Flow Elapsed Time                                                                                                             ;
+---------------------------+--------------+-------------------------+---------------------+------------------------------------+
; Module Name               ; Elapsed Time ; Average Processors Used ; Peak Virtual Memory ; Total CPU Time (on all processors) ;
+---------------------------+--------------+-------------------------+---------------------+------------------------------------+
; Analysis & Synthesis      ; 00:00:17     ; 1.0                     ; 614 MB              ; 00:00:11                           ;
; Fitter                    ; 00:00:12     ; 1.3                     ; 1260 MB             ; 00:00:13                           ;
; Assembler                 ; 00:00:05     ; 1.0                     ; 468 MB              ; 00:00:02                           ;
; TimeQuest Timing Analyzer ; 00:00:05     ; 1.0                     ; 516 MB              ; 00:00:02                           ;
; Total                     ; 00:00:39     ; --                      ; --                  ; 00:00:28                           ;
+---------------------------+--------------+-------------------------+---------------------+------------------------------------+


+----------------------------------------------------------------------------------------+
; Flow OS Summary                                                                        ;
+---------------------------+------------------+-----------+------------+----------------+
; Module Name               ; Machine Hostname ; OS Name   ; OS Version ; Processor type ;
+---------------------------+------------------+-----------+------------+----------------+
; Analysis & Synthesis      ; 156TR4180-02     ; Windows 7 ; 6.2        ; x86_64         ;
; Fitter                    ; 156TR4180-02     ; Windows 7 ; 6.2        ; x86_64         ;
; Assembler                 ; 156TR4180-02     ; Windows 7 ; 6.2        ; x86_64         ;
; TimeQuest Timing Analyzer ; 156TR4180-02     ; Windows 7 ; 6.2        ; x86_64         ;
+---------------------------+------------------+-----------+------------+----------------+


------------
; Flow Log ;
------------
quartus_map --read_settings_files=on --write_settings_files=off viterbi_hamming -c viterbi_hamming
quartus_fit --read_settings_files=off --write_settings_files=off viterbi_hamming -c viterbi_hamming
quartus_asm --read_settings_files=off --write_settings_files=off viterbi_hamming -c viterbi_hamming
quartus_sta viterbi_hamming -c viterbi_hamming



